sensor_fusion running at http://:::8081
Warning: missing space before text for line 4 of jade file "/home/root/git-repo/sensor_fusion/views/index.jade"
Warning: missing space before text for line 5 of jade file "/home/root/git-repo/sensor_fusion/views/index.jade"
[0mGET / [31m500 [0m4178.108 ms - 1842[0m
[0mGET /stylesheets/style.css [36m304 [0m38.057 ms - -[0m
Warning: missing space before text for line 4 of jade file "/home/root/git-repo/sensor_fusion/views/index.jade"
Warning: missing space before text for line 5 of jade file "/home/root/git-repo/sensor_fusion/views/index.jade"
[0mGET / [31m500 [0m363.098 ms - 1842[0m
[0mGET /stylesheets/style.css [36m304 [0m9.000 ms - -[0m
module.js:338
    throw err;
          ^
Error: Cannot find module '/home/root/git-repo/sensor_fusion/server.js'
    at Function.Module._resolveFilename (module.js:336:15)
    at Function.Module._load (module.js:278:25)
    at Function.Module.runMain (module.js:501:10)
    at startup (node.js:129:16)
    at node.js:814:3
sensor_fusion running at http://:::8081
events.js:85
      throw er; // Unhandled 'error' event
            ^
Error: listen EADDRINUSE
    at exports._errnoException (util.js:746:11)
    at Server._listen2 (net.js:1156:14)
    at listen (net.js:1182:10)
    at Server.listen (net.js:1267:5)
    at EventEmitter.listen (/home/root/git-repo/sensor_fusion/node_modules/express/lib/application.js:617:24)
    at Object.<anonymous> (/home/root/git-repo/sensor_fusion/app.js:29:18)
    at Module._compile (module.js:460:26)
    at Object.Module._extensions..js (module.js:478:10)
    at Module.load (module.js:355:32)
    at Function.Module._load (module.js:310:12)
[0mGET / [32m200 [0m5297.992 ms - 296[0m
[0mGET /stylesheets/style.css [36m304 [0m81.395 ms - -[0m
[0mGET /favicon.ico [33m404 [0m321.857 ms - 1145[0m
[0mGET /stylesheets/style.css [36m304 [0m9.314 ms - -[0m
[0mGET / [36m304 [0m344.248 ms - -[0m
[0mGET /stylesheets/style.css [36m304 [0m2.460 ms - -[0m
[0mGET /stylesheets/style.css [36m304 [0m1.983 ms - -[0m
